Using pre-set license
Built from '2020.3/staging' branch; Version is '2020.3.9f1 (108be757e447) revision 1084391'; Using compiler version '192528614'; Build Type 'Release'
OS: 'Windows 10 Pro; OS build 19045.2251; Version 2009; 64bit' Language: 'en' Physical Memory: 7985 MB
BatchMode: 1, IsHumanControllingUs: 0, StartBugReporterOnCrash: 0, Is64bit: 1, IsPro: 0

 COMMAND LINE ARGUMENTS:
C:\Program Files\Unity\Hub\Editor\2020.3.9f1\Editor\Unity.exe
-adb2
-batchMode
-noUpm
-name
AssetImportWorker0
-projectPath
C:/Users/DELL/Documents/GitHub/LearnUnityFullCourse/LearnUnity
-logFile
Logs/AssetImportWorker0.log
-srvPort
56816
Successfully changed project path to: C:/Users/DELL/Documents/GitHub/LearnUnityFullCourse/LearnUnity
C:/Users/DELL/Documents/GitHub/LearnUnityFullCourse/LearnUnity
Using Asset Import Pipeline V2.
Refreshing native plugins compatible for Editor in 33.20 ms, found 1 plugins.
Preloading 0 native plugins for Editor in 0.00 ms.
Initialize engine version: 2020.3.9f1 (108be757e447)
[Subsystems] Discovering subsystems at path C:/Program Files/Unity/Hub/Editor/2020.3.9f1/Editor/Data/Resources/UnitySubsystems
[Subsystems] Discovering subsystems at path C:/Users/DELL/Documents/GitHub/LearnUnityFullCourse/LearnUnity/Assets
GfxDevice: creating device client; threaded=0
Direct3D:
    Version:  Direct3D 11.0 [level 11.1]
    Renderer: NVIDIA GeForce GTX 1650 Ti (ID=0x1f95)
    Vendor:   
    VRAM:     3962 MB
    Driver:   30.0.15.1272
Initialize mono
Mono path[0] = 'C:/Program Files/Unity/Hub/Editor/2020.3.9f1/Editor/Data/Managed'
Mono path[1] = 'C:/Program Files/Unity/Hub/Editor/2020.3.9f1/Editor/Data/MonoBleedingEdge/lib/mono/unityjit'
Mono config path = 'C:/Program Files/Unity/Hub/Editor/2020.3.9f1/Editor/Data/MonoBleedingEdge/etc'
Using monoOptions --debugger-agent=transport=dt_socket,embedding=1,server=y,suspend=n,address=127.0.0.1:56108
Begin MonoManager ReloadAssembly
Registering precompiled unity dll's ...
Register platform support module: C:/Program Files/Unity/Hub/Editor/2020.3.9f1/Editor/Data/PlaybackEngines/WindowsStandaloneSupport/UnityEditor.WindowsStandalone.Extensions.dll
Registered in 0.159349 seconds.
Native extension for WindowsStandalone target not found
Refreshing native plugins compatible for Editor in 34.90 ms, found 1 plugins.
Preloading 0 native plugins for Editor in 0.00 ms.
Mono: successfully reloaded assembly
- Completed reload, in  8.416 seconds
Platform modules already initialized, skipping
Registering precompiled user dll's ...
Registered in 0.052936 seconds.
Begin MonoManager ReloadAssembly
Native extension for WindowsStandalone target not found
Refreshing native plugins compatible for Editor in 30.78 ms, found 1 plugins.
Preloading 0 native plugins for Editor in 0.00 ms.
Mono: successfully reloaded assembly
- Completed reload, in  3.351 seconds
Platform modules already initialized, skipping
========================================================================
Worker process is ready to serve import requests
Launched and connected shader compiler UnityShaderCompiler.exe after 0.07 seconds
Refreshing native plugins compatible for Editor in 0.36 ms, found 1 plugins.
Preloading 0 native plugins for Editor in 0.00 ms.
Unloading 1808 Unused Serialized files (Serialized files now loaded: 0)
System memory in use before: 84.8 MB.
System memory in use after: 84.8 MB.

Unloading 24 unused Assets to reduce memory usage. Loaded Objects now: 2250.
Total: 2.025800 ms (FindLiveObjects: 0.179200 ms CreateObjectMapping: 0.066000 ms MarkObjects: 1.673600 ms  DeleteObjects: 0.106100 ms)

========================================================================
Received Import Request.
  path: Assets/Artwork/Atlas.png
  artifactKey: Guid(3e60d22fc2ad44d4b9ca6eac5114117c) Importer(815301076,1909f56bfc062723c751e8b465ee728b)
Start importing Assets/Artwork/Atlas.png using Guid(3e60d22fc2ad44d4b9ca6eac5114117c) Importer(815301076,1909f56bfc062723c751e8b465ee728b)  -> (artifact id: 'de8190ee279eef822dccd9d4e3241b1d') in 0.068133 seconds
  Import took 0.071567 seconds .

========================================================================
Received Import Request.
  Time since last request: 2352.145947 seconds.
  path: Assets/Artwork/Atlas.png
  artifactKey: Guid(3e60d22fc2ad44d4b9ca6eac5114117c) Importer(815301076,1909f56bfc062723c751e8b465ee728b)
Start importing Assets/Artwork/Atlas.png using Guid(3e60d22fc2ad44d4b9ca6eac5114117c) Importer(815301076,1909f56bfc062723c751e8b465ee728b)  -> (artifact id: 'f19e03b8c0b9b1d77fd185eed17f36ea') in 0.062993 seconds
  Import took 0.103309 seconds .

========================================================================
Received Import Request.
  Time since last request: 23.217801 seconds.
  path: Assets/Artwork/0x72_16x16DungeonTileset.v5.png
  artifactKey: Guid(f9efc67e485df0a4884f5c2ddd2e55ff) Importer(815301076,1909f56bfc062723c751e8b465ee728b)
Start importing Assets/Artwork/0x72_16x16DungeonTileset.v5.png using Guid(f9efc67e485df0a4884f5c2ddd2e55ff) Importer(815301076,1909f56bfc062723c751e8b465ee728b)  -> (artifact id: '6f8da6db3e623ebf321bc01f3b67a0dd') in 0.013963 seconds
  Import took 0.018232 seconds .

========================================================================
Received Import Request.
  Time since last request: 9.064038 seconds.
  path: Assets/Artwork/Atlas.png
  artifactKey: Guid(f9efc67e485df0a4884f5c2ddd2e55ff) Importer(815301076,1909f56bfc062723c751e8b465ee728b)
Start importing Assets/Artwork/Atlas.png using Guid(f9efc67e485df0a4884f5c2ddd2e55ff) Importer(815301076,1909f56bfc062723c751e8b465ee728b)  -> (artifact id: 'ba0f74997b4bed1b00e7b2929e002a44') in 0.016475 seconds
  Import took 0.020054 seconds .

========================================================================
Received Import Request.
  Time since last request: 64.835937 seconds.
  path: Assets/Artwork/Atlas.png
  artifactKey: Guid(f9efc67e485df0a4884f5c2ddd2e55ff) Importer(815301076,1909f56bfc062723c751e8b465ee728b)
Start importing Assets/Artwork/Atlas.png using Guid(f9efc67e485df0a4884f5c2ddd2e55ff) Importer(815301076,1909f56bfc062723c751e8b465ee728b)  -> (artifact id: '73795fd1be7fa0bbb2efad60f0d8bdd1') in 0.011449 seconds
  Import took 0.015547 seconds .

========================================================================
Received Import Request.
  Time since last request: 197.929967 seconds.
  path: Assets/Artwork/Atlas.png
  artifactKey: Guid(f9efc67e485df0a4884f5c2ddd2e55ff) Importer(815301076,1909f56bfc062723c751e8b465ee728b)
Start importing Assets/Artwork/Atlas.png using Guid(f9efc67e485df0a4884f5c2ddd2e55ff) Importer(815301076,1909f56bfc062723c751e8b465ee728b)  -> (artifact id: 'cf37c5f747f2baac5ab732ecd0e05709') in 0.018956 seconds
  Import took 0.023687 seconds .

========================================================================
Received Import Request.
  Time since last request: 781.046156 seconds.
  path: Assets/Scripts/Player.cs
  artifactKey: Guid(11d5fe7c4cab5ff40b69681f15f9ecf8) Importer(815301076,1909f56bfc062723c751e8b465ee728b)
Start importing Assets/Scripts/Player.cs using Guid(11d5fe7c4cab5ff40b69681f15f9ecf8) Importer(815301076,1909f56bfc062723c751e8b465ee728b)  -> (artifact id: 'a7498933bf77dce6e84632212de46003') in 0.019807 seconds
  Import took 0.022992 seconds .

========================================================================
Received Import Request.
  Time since last request: 0.092064 seconds.
  path: Assets/Scripts/Player.cs
  artifactKey: Guid(11d5fe7c4cab5ff40b69681f15f9ecf8) Importer(815301076,1909f56bfc062723c751e8b465ee728b)
Start importing Assets/Scripts/Player.cs using Guid(11d5fe7c4cab5ff40b69681f15f9ecf8) Importer(815301076,1909f56bfc062723c751e8b465ee728b)  -> (artifact id: 'a7498933bf77dce6e84632212de46003') in 0.002108 seconds
  Import took 0.007931 seconds .

========================================================================
Received Prepare
Registering precompiled user dll's ...
Registered in 0.001452 seconds.
Begin MonoManager ReloadAssembly
Native extension for WindowsStandalone target not found
Refreshing native plugins compatible for Editor in 0.34 ms, found 1 plugins.
Preloading 0 native plugins for Editor in 0.00 ms.
Mono: successfully reloaded assembly
- Completed reload, in  0.817 seconds
Platform modules already initialized, skipping
Refreshing native plugins compatible for Editor in 0.33 ms, found 1 plugins.
Preloading 0 native plugins for Editor in 0.00 ms.
Unloading 1804 Unused Serialized files (Serialized files now loaded: 0)
System memory in use before: 87.9 MB.
System memory in use after: 87.9 MB.

Unloading 12 unused Assets to reduce memory usage. Loaded Objects now: 2266.
Total: 2.682800 ms (FindLiveObjects: 0.313600 ms CreateObjectMapping: 0.184700 ms MarkObjects: 2.053500 ms  DeleteObjects: 0.129500 ms)

========================================================================
Received Prepare
Registering precompiled user dll's ...
Registered in 0.001651 seconds.
Begin MonoManager ReloadAssembly
Native extension for WindowsStandalone target not found
Refreshing native plugins compatible for Editor in 0.39 ms, found 1 plugins.
Preloading 0 native plugins for Editor in 0.00 ms.
Mono: successfully reloaded assembly
- Completed reload, in  1.042 seconds
Platform modules already initialized, skipping
Refreshing native plugins compatible for Editor in 0.33 ms, found 1 plugins.
Preloading 0 native plugins for Editor in 0.00 ms.
Unloading 1804 Unused Serialized files (Serialized files now loaded: 0)
System memory in use before: 87.9 MB.
System memory in use after: 87.9 MB.

Unloading 12 unused Assets to reduce memory usage. Loaded Objects now: 2270.
Total: 3.236500 ms (FindLiveObjects: 0.315700 ms CreateObjectMapping: 0.107800 ms MarkObjects: 2.605600 ms  DeleteObjects: 0.184400 ms)

========================================================================
Received Import Request.
  Time since last request: 113.589810 seconds.
  path: Assets/Scripts/Player.cs
  artifactKey: Guid(11d5fe7c4cab5ff40b69681f15f9ecf8) Importer(815301076,1909f56bfc062723c751e8b465ee728b)
Start importing Assets/Scripts/Player.cs using Guid(11d5fe7c4cab5ff40b69681f15f9ecf8) Importer(815301076,1909f56bfc062723c751e8b465ee728b)  -> (artifact id: 'cbb556b43cd9ed81d283d01fc5624ab2') in 0.006915 seconds
  Import took 0.011855 seconds .

========================================================================
Received Prepare
Registering precompiled user dll's ...
Registered in 0.002876 seconds.
Begin MonoManager ReloadAssembly
Native extension for WindowsStandalone target not found
Refreshing native plugins compatible for Editor in 0.36 ms, found 1 plugins.
Preloading 0 native plugins for Editor in 0.00 ms.
Mono: successfully reloaded assembly
- Completed reload, in  0.807 seconds
Platform modules already initialized, skipping
Refreshing native plugins compatible for Editor in 0.37 ms, found 1 plugins.
Preloading 0 native plugins for Editor in 0.00 ms.
Unloading 1804 Unused Serialized files (Serialized files now loaded: 0)
System memory in use before: 87.9 MB.
System memory in use after: 87.9 MB.

Unloading 12 unused Assets to reduce memory usage. Loaded Objects now: 2274.
Total: 1.958200 ms (FindLiveObjects: 0.186800 ms CreateObjectMapping: 0.068800 ms MarkObjects: 1.598700 ms  DeleteObjects: 0.103100 ms)

========================================================================
Received Prepare
Registering precompiled user dll's ...
Registered in 0.000844 seconds.
Begin MonoManager ReloadAssembly
Native extension for WindowsStandalone target not found
Refreshing native plugins compatible for Editor in 0.40 ms, found 1 plugins.
Preloading 0 native plugins for Editor in 0.00 ms.
Mono: successfully reloaded assembly
- Completed reload, in  0.734 seconds
Platform modules already initialized, skipping
Refreshing native plugins compatible for Editor in 0.32 ms, found 1 plugins.
Preloading 0 native plugins for Editor in 0.00 ms.
Unloading 1804 Unused Serialized files (Serialized files now loaded: 0)
System memory in use before: 88.0 MB.
System memory in use after: 88.0 MB.

Unloading 12 unused Assets to reduce memory usage. Loaded Objects now: 2278.
Total: 1.895400 ms (FindLiveObjects: 0.195200 ms CreateObjectMapping: 0.085400 ms MarkObjects: 1.506900 ms  DeleteObjects: 0.106800 ms)

========================================================================
Received Prepare
Registering precompiled user dll's ...
Registered in 0.001204 seconds.
Begin MonoManager ReloadAssembly
Native extension for WindowsStandalone target not found
Refreshing native plugins compatible for Editor in 0.61 ms, found 1 plugins.
Preloading 0 native plugins for Editor in 0.00 ms.
Mono: successfully reloaded assembly
- Completed reload, in  1.024 seconds
Platform modules already initialized, skipping
Refreshing native plugins compatible for Editor in 0.32 ms, found 1 plugins.
Preloading 0 native plugins for Editor in 0.00 ms.
Unloading 1804 Unused Serialized files (Serialized files now loaded: 0)
System memory in use before: 88.0 MB.
System memory in use after: 88.0 MB.

Unloading 12 unused Assets to reduce memory usage. Loaded Objects now: 2282.
Total: 2.011100 ms (FindLiveObjects: 0.180700 ms CreateObjectMapping: 0.063700 ms MarkObjects: 1.631400 ms  DeleteObjects: 0.134400 ms)

========================================================================
Received Prepare
Registering precompiled user dll's ...
Registered in 0.001519 seconds.
Begin MonoManager ReloadAssembly
Native extension for WindowsStandalone target not found
Refreshing native plugins compatible for Editor in 0.62 ms, found 1 plugins.
Preloading 0 native plugins for Editor in 0.00 ms.
Mono: successfully reloaded assembly
- Completed reload, in  0.992 seconds
Platform modules already initialized, skipping
Refreshing native plugins compatible for Editor in 0.36 ms, found 1 plugins.
Preloading 0 native plugins for Editor in 0.00 ms.
Unloading 1804 Unused Serialized files (Serialized files now loaded: 0)
System memory in use before: 88.0 MB.
System memory in use after: 88.0 MB.

Unloading 12 unused Assets to reduce memory usage. Loaded Objects now: 2286.
Total: 2.243800 ms (FindLiveObjects: 0.271300 ms CreateObjectMapping: 0.097900 ms MarkObjects: 1.761100 ms  DeleteObjects: 0.112400 ms)

========================================================================
Received Prepare
Registering precompiled user dll's ...
Registered in 0.000820 seconds.
Begin MonoManager ReloadAssembly
Native extension for WindowsStandalone target not found
Refreshing native plugins compatible for Editor in 0.32 ms, found 1 plugins.
Preloading 0 native plugins for Editor in 0.00 ms.
Mono: successfully reloaded assembly
- Completed reload, in  0.738 seconds
Platform modules already initialized, skipping
Refreshing native plugins compatible for Editor in 0.33 ms, found 1 plugins.
Preloading 0 native plugins for Editor in 0.00 ms.
Unloading 1804 Unused Serialized files (Serialized files now loaded: 0)
System memory in use before: 88.0 MB.
System memory in use after: 88.0 MB.

Unloading 12 unused Assets to reduce memory usage. Loaded Objects now: 2290.
Total: 1.943100 ms (FindLiveObjects: 0.164600 ms CreateObjectMapping: 0.069400 ms MarkObjects: 1.580300 ms  DeleteObjects: 0.128000 ms)

========================================================================
Received Prepare
Registering precompiled user dll's ...
Registered in 0.001197 seconds.
Begin MonoManager ReloadAssembly
Native extension for WindowsStandalone target not found
Refreshing native plugins compatible for Editor in 0.32 ms, found 1 plugins.
Preloading 0 native plugins for Editor in 0.00 ms.
Mono: successfully reloaded assembly
- Completed reload, in  0.776 seconds
Platform modules already initialized, skipping
Refreshing native plugins compatible for Editor in 0.35 ms, found 1 plugins.
Preloading 0 native plugins for Editor in 0.00 ms.
Unloading 1804 Unused Serialized files (Serialized files now loaded: 0)
System memory in use before: 88.0 MB.
System memory in use after: 88.0 MB.

Unloading 12 unused Assets to reduce memory usage. Loaded Objects now: 2294.
Total: 2.320700 ms (FindLiveObjects: 0.230100 ms CreateObjectMapping: 0.092200 ms MarkObjects: 1.864800 ms  DeleteObjects: 0.132000 ms)

========================================================================
Received Prepare
Registering precompiled user dll's ...
Registered in 0.000820 seconds.
Begin MonoManager ReloadAssembly
Native extension for WindowsStandalone target not found
Refreshing native plugins compatible for Editor in 0.32 ms, found 1 plugins.
Preloading 0 native plugins for Editor in 0.00 ms.
Mono: successfully reloaded assembly
- Completed reload, in  0.732 seconds
Platform modules already initialized, skipping
Refreshing native plugins compatible for Editor in 0.32 ms, found 1 plugins.
Preloading 0 native plugins for Editor in 0.00 ms.
Unloading 1804 Unused Serialized files (Serialized files now loaded: 0)
System memory in use before: 88.0 MB.
System memory in use after: 88.0 MB.

Unloading 12 unused Assets to reduce memory usage. Loaded Objects now: 2298.
Total: 1.687100 ms (FindLiveObjects: 0.178200 ms CreateObjectMapping: 0.058200 ms MarkObjects: 1.353600 ms  DeleteObjects: 0.096400 ms)

========================================================================
Received Prepare
Registering precompiled user dll's ...
Registered in 0.000748 seconds.
Begin MonoManager ReloadAssembly
Native extension for WindowsStandalone target not found
Refreshing native plugins compatible for Editor in 0.31 ms, found 1 plugins.
Preloading 0 native plugins for Editor in 0.00 ms.
Mono: successfully reloaded assembly
- Completed reload, in  0.738 seconds
Platform modules already initialized, skipping
Refreshing native plugins compatible for Editor in 0.35 ms, found 1 plugins.
Preloading 0 native plugins for Editor in 0.00 ms.
Unloading 1804 Unused Serialized files (Serialized files now loaded: 0)
System memory in use before: 88.0 MB.
System memory in use after: 88.0 MB.

Unloading 12 unused Assets to reduce memory usage. Loaded Objects now: 2302.
Total: 1.751800 ms (FindLiveObjects: 0.174500 ms CreateObjectMapping: 0.065600 ms MarkObjects: 1.416300 ms  DeleteObjects: 0.094500 ms)

========================================================================
Received Prepare
Registering precompiled user dll's ...
Registered in 0.001551 seconds.
Begin MonoManager ReloadAssembly
Native extension for WindowsStandalone target not found
Refreshing native plugins compatible for Editor in 0.34 ms, found 1 plugins.
Preloading 0 native plugins for Editor in 0.00 ms.
Mono: successfully reloaded assembly
- Completed reload, in  0.800 seconds
Platform modules already initialized, skipping
Refreshing native plugins compatible for Editor in 0.38 ms, found 1 plugins.
Preloading 0 native plugins for Editor in 0.00 ms.
Unloading 1804 Unused Serialized files (Serialized files now loaded: 0)
System memory in use before: 88.1 MB.
System memory in use after: 88.0 MB.

Unloading 12 unused Assets to reduce memory usage. Loaded Objects now: 2306.
Total: 2.064900 ms (FindLiveObjects: 0.178100 ms CreateObjectMapping: 0.060400 ms MarkObjects: 1.717800 ms  DeleteObjects: 0.107700 ms)

AssetImportWorkerClient::OnTransportError - code=2 error=End of file
